<?xml version="1.0" encoding="UTF-8"?>
<!-- Generated by org.testng.reporters.JUnitXMLReporter -->
<testsuite ignored="0" hostname="Arjala" failures="4" tests="4" name="All Tests" time="107.79" errors="0" timestamp="2025-12-22T11:18:04 IST">
  <testcase classname="com.rukkor.tests.LoginTest" name="automatedLoginTest" time="49.559">
    <failure type="java.lang.AssertionError" message="Chat page did not load after login expected [true] but found [false]">
      <![CDATA[java.lang.AssertionError: Chat page did not load after login expected [true] but found [false]
at com.rukkor.tests.LoginTest.automatedLoginTest(LoginTest.java:40)
at java.base/java.util.ArrayList.forEach(ArrayList.java:1596)
... Removed 28 stack frames]]>
    </failure>
  </testcase> <!-- automatedLoginTest -->
  <testcase classname="com.rukkor.tests.ChatTest" name="sendAndReceiveMessage" time="0.005">
    <failure type="java.lang.Error" message="Unresolved compilation problems: 
	The method searchUser(String) is undefined for the type ChatPage
	The method sendMessage(String) is undefined for the type ChatPage
	The method getLastMessageText() is undefined for the type ChatPage
">
      <![CDATA[java.lang.Error: Unresolved compilation problems: 
The method searchUser(String) is undefined for the type ChatPage
The method sendMessage(String) is undefined for the type ChatPage
The method getLastMessageText() is undefined for the type ChatPage

at com.rukkor.tests.ChatTest.sendAndReceiveMessage(ChatTest.java:37)
at java.base/java.util.ArrayList.forEach(ArrayList.java:1596)
... Removed 25 stack frames]]>
    </failure>
  </testcase> <!-- sendAndReceiveMessage -->
  <testcase classname="com.rukkor.tests.MessageActionTest" name="addReactionTest" time="30.492">
    <failure type="org.openqa.selenium.TimeoutException" message="Expected condition failed: waiting for visibility of element located by By.cssSelector: input[data-cy=&amp;apos;cy_email&amp;apos;] (tried for 10 second(s) with 500 milliseconds interval)
Build info: version: &amp;apos;4.18.1&amp;apos;, revision: &amp;apos;b1d3319b48&amp;apos;
System info: os.name: &amp;apos;Windows 11&amp;apos;, os.arch: &amp;apos;amd64&amp;apos;, os.version: &amp;apos;10.0&amp;apos;, java.version: &amp;apos;21.0.9&amp;apos;
Driver info: org.openqa.selenium.chrome.ChromeDriver
Capabilities {acceptInsecureCerts: false, browserName: chrome, browserVersion: 133.0.6943.127, chrome: {chromedriverVersion: 133.0.6943.141 (2a5d6da0d61..., userDataDir: C:\Users\arjal\AppData\Loca...}, fedcm:accounts: true, goog:chromeOptions: {debuggerAddress: localhost:54435}, networkConnectionEnabled: false, pageLoadStrategy: normal, platformName: windows, proxy: Proxy(), se:cdp: ws://localhost:54435/devtoo..., se:cdpVersion: 133.0.6943.127, setWindowRect: true, strictFileInteractability: false, timeouts: {implicit: 0, pageLoad: 300000, script: 30000}, unhandledPromptBehavior: dismiss and notify, webauthn:extension:credBlob: true, webauthn:extension:largeBlob: true, webauthn:extension:minPinLength: true, webauthn:extension:prf: true, webauthn:virtualAuthenticators: true}
Session ID: 5a5146ba55f0d8d50a8df8b512e83899">
      <![CDATA[org.openqa.selenium.TimeoutException: Expected condition failed: waiting for visibility of element located by By.cssSelector: input[data-cy='cy_email'] (tried for 10 second(s) with 500 milliseconds interval)
Build info: version: '4.18.1', revision: 'b1d3319b48'
System info: os.name: 'Windows 11', os.arch: 'amd64', os.version: '10.0', java.version: '21.0.9'
Driver info: org.openqa.selenium.chrome.ChromeDriver
Capabilities {acceptInsecureCerts: false, browserName: chrome, browserVersion: 133.0.6943.127, chrome: {chromedriverVersion: 133.0.6943.141 (2a5d6da0d61..., userDataDir: C:\Users\arjal\AppData\Loca...}, fedcm:accounts: true, goog:chromeOptions: {debuggerAddress: localhost:54435}, networkConnectionEnabled: false, pageLoadStrategy: normal, platformName: windows, proxy: Proxy(), se:cdp: ws://localhost:54435/devtoo..., se:cdpVersion: 133.0.6943.127, setWindowRect: true, strictFileInteractability: false, timeouts: {implicit: 0, pageLoad: 300000, script: 30000}, unhandledPromptBehavior: dismiss and notify, webauthn:extension:credBlob: true, webauthn:extension:largeBlob: true, webauthn:extension:minPinLength: true, webauthn:extension:prf: true, webauthn:virtualAuthenticators: true}
Session ID: 5a5146ba55f0d8d50a8df8b512e83899
at org.openqa.selenium.support.ui.WebDriverWait.timeoutException(WebDriverWait.java:84)
at org.openqa.selenium.support.ui.FluentWait.until(FluentWait.java:228)
at com.rukkor.pages.LoginPage.enterEmail(LoginPage.java:31)
at com.rukkor.tests.MessageActionTest.addReactionTest(MessageActionTest.java:21)
at java.base/java.util.ArrayList.forEach(ArrayList.java:1596)
... Removed 25 stack frames]]>
    </failure>
  </testcase> <!-- addReactionTest -->
  <testcase classname="com.rukkor.tests.InvalidLoginTest" name="invalidLoginTest" time="20.647">
    <failure type="java.lang.AssertionError" message="Error message not displayed for invalid credentials expected [true] but found [false]">
      <![CDATA[java.lang.AssertionError: Error message not displayed for invalid credentials expected [true] but found [false]
at com.rukkor.tests.InvalidLoginTest.invalidLoginTest(InvalidLoginTest.java:32)
at java.base/java.util.ArrayList.forEach(ArrayList.java:1596)
... Removed 28 stack frames]]>
    </failure>
  </testcase> <!-- invalidLoginTest -->
</testsuite> <!-- All Tests -->
